c:\users\riley\desktop\csc473\assignment1p2easecomplete\assignment1p2mostprogress\anim\debug\vc143.pdb
c:\users\riley\desktop\csc473\assignment1p2easecomplete\assignment1p2mostprogress\anim\debug\vc143.idb
c:\users\riley\desktop\csc473\assignment1p2easecomplete\assignment1p2mostprogress\anim\debug\anim.obj
c:\users\riley\desktop\csc473\assignment1p2easecomplete\assignment1p2mostprogress\anim\debug\animtcl.obj
c:\users\riley\desktop\csc473\assignment1p2easecomplete\assignment1p2mostprogress\anim\debug\baseobject.obj
c:\users\riley\desktop\csc473\assignment1p2easecomplete\assignment1p2mostprogress\anim\debug\basesimulator.obj
c:\users\riley\desktop\csc473\assignment1p2easecomplete\assignment1p2mostprogress\anim\debug\circlesimulator.obj
c:\users\riley\desktop\csc473\assignment1p2easecomplete\assignment1p2mostprogress\anim\debug\globalresourcemanager.obj
c:\users\riley\desktop\csc473\assignment1p2easecomplete\assignment1p2mostprogress\anim\debug\hermite.obj
c:\users\riley\desktop\csc473\assignment1p2easecomplete\assignment1p2mostprogress\anim\debug\myscene.obj
c:\users\riley\desktop\csc473\assignment1p2easecomplete\assignment1p2mostprogress\anim\debug\objectpath.obj
c:\users\riley\desktop\csc473\assignment1p2easecomplete\assignment1p2mostprogress\anim\debug\pathsimulator.obj
c:\users\riley\desktop\csc473\assignment1p2easecomplete\assignment1p2mostprogress\anim\debug\resourcemanager.obj
c:\users\riley\desktop\csc473\assignment1p2easecomplete\assignment1p2mostprogress\anim\debug\samplegravitysimulator.obj
c:\users\riley\desktop\csc473\assignment1p2easecomplete\assignment1p2mostprogress\anim\debug\sampleparticle.obj
c:\users\riley\desktop\csc473\assignment1p2easecomplete\assignment1p2mostprogress\anim\debug\basesystem.obj
c:\users\riley\desktop\csc473\assignment1p2easecomplete\assignment1p2mostprogress\build\anim.exe
c:\users\riley\desktop\csc473\assignment1p2easecomplete\assignment1p2mostprogress\anim\debug\anim.ilk
c:\users\riley\desktop\csc473\assignment1p2easecomplete\assignment1p2mostprogress\build\animp.pdb
c:\users\riley\desktop\csc473\assignment1p2easecomplete\assignment1p2mostprogress\anim\debug\anim.tlog\cl.command.1.tlog
c:\users\riley\desktop\csc473\assignment1p2easecomplete\assignment1p2mostprogress\anim\debug\anim.tlog\cl.items.tlog
c:\users\riley\desktop\csc473\assignment1p2easecomplete\assignment1p2mostprogress\anim\debug\anim.tlog\cl.read.1.tlog
c:\users\riley\desktop\csc473\assignment1p2easecomplete\assignment1p2mostprogress\anim\debug\anim.tlog\cl.write.1.tlog
c:\users\riley\desktop\csc473\assignment1p2easecomplete\assignment1p2mostprogress\anim\debug\anim.tlog\link.command.1.tlog
c:\users\riley\desktop\csc473\assignment1p2easecomplete\assignment1p2mostprogress\anim\debug\anim.tlog\link.read.1.tlog
c:\users\riley\desktop\csc473\assignment1p2easecomplete\assignment1p2mostprogress\anim\debug\anim.tlog\link.write.1.tlog
